<?xml version="1.0" encoding="UTF-8"?>
<!-- Generated by org.testng.reporters.JUnitXMLReporter -->
<testsuite ignored="0" hostname="LAPTOP-4I6B2UVN" failures="0" tests="1" name="Clipboard_Health_Challenge_SDET" time="0.04" errors="0" timestamp="2022-10-23T00:25:02 BOT">
  <testcase classname="Hooks" name="@BeforeTest Setup" time="-1.666499102801E9">
    <failure type="org.testng.TestNGException" message="
Parameter &amp;apos;browser&amp;apos; is required by BeforeTest on method Setup but has not been marked @Optional or defined
in C:\Users\lwiss\AppData\Local\JetBrains\IdeaIC2022.2\temp-testng-customsuite.xml">
      <![CDATA[org.testng.TestNGException: 
Parameter 'browser' is required by BeforeTest on method Setup but has not been marked @Optional or defined
in C:\Users\lwiss\AppData\Local\JetBrains\IdeaIC2022.2\temp-testng-customsuite.xml
at com.intellij.rt.testng.IDEARemoteTestNG.run(IDEARemoteTestNG.java:66)
at com.intellij.rt.testng.RemoteTestNGStarter.main(RemoteTestNGStarter.java:109)
... Removed 18 stack frames]]>
    </failure>
  </testcase> <!-- @BeforeTest Setup -->
  <testcase classname="Hooks" name="@AfterTest Cleanup" time="0.0">
    <skipped/>
  </testcase> <!-- @AfterTest Cleanup -->
  <testcase classname="Amazon_Tests" name="Tes01" time="0.0">
    <skipped/>
  </testcase> <!-- Tes01 -->
</testsuite> <!-- Clipboard_Health_Challenge_SDET -->
